Using pre-set license
Built from '2020.3/staging' branch; Version is '2020.3.6f1 (338bb68529b2) revision 3378102'; Using compiler version '192528614'; Build Type 'Release'
OS: 'Windows 10 Pro; OS build 19042.928; Version 2009; 64bit' Language: 'es' Physical Memory: 16306 MB
BatchMode: 1, IsHumanControllingUs: 0, StartBugReporterOnCrash: 0, Is64bit: 1, IsPro: 0

 COMMAND LINE ARGUMENTS:
C:\Program Files\Unity\Hub\Editor\2020.3.6f1\Editor\Unity.exe
-adb2
-batchMode
-noUpm
-name
AssetImportWorker0
-projectPath
C:/Users/CES/Desktop/Plataforma
-logFile
Logs/AssetImportWorker0.log
-srvPort
50399
Successfully changed project path to: C:/Users/CES/Desktop/Plataforma
C:/Users/CES/Desktop/Plataforma
Using Asset Import Pipeline V2.
Refreshing native plugins compatible for Editor in 65.42 ms, found 1 plugins.
Preloading 0 native plugins for Editor in 0.00 ms.
Initialize engine version: 2020.3.6f1 (338bb68529b2)
[Subsystems] Discovering subsystems at path C:/Program Files/Unity/Hub/Editor/2020.3.6f1/Editor/Data/Resources/UnitySubsystems
[Subsystems] Discovering subsystems at path C:/Users/CES/Desktop/Plataforma/Assets
GfxDevice: creating device client; threaded=0
Direct3D:
    Version:  Direct3D 11.0 [level 11.0]
    Renderer: NVIDIA Quadro K620 (ID=0x13bb)
    Vendor:   
    VRAM:     2007 MB
    Driver:   30.0.14.7168
Initialize mono
Mono path[0] = 'C:/Program Files/Unity/Hub/Editor/2020.3.6f1/Editor/Data/Managed'
Mono path[1] = 'C:/Program Files/Unity/Hub/Editor/2020.3.6f1/Editor/Data/MonoBleedingEdge/lib/mono/unityjit'
Mono config path = 'C:/Program Files/Unity/Hub/Editor/2020.3.6f1/Editor/Data/MonoBleedingEdge/etc'
Using monoOptions --debugger-agent=transport=dt_socket,embedding=1,server=y,suspend=n,address=127.0.0.1:56012
Begin MonoManager ReloadAssembly
Registering precompiled unity dll's ...
Register platform support module: C:/Program Files/Unity/Hub/Editor/2020.3.6f1/Editor/Data/PlaybackEngines/WindowsStandaloneSupport/UnityEditor.WindowsStandalone.Extensions.dll
Registered in 0.004130 seconds.
Native extension for WindowsStandalone target not found
Refreshing native plugins compatible for Editor in 56.49 ms, found 1 plugins.
Preloading 0 native plugins for Editor in 0.00 ms.
Mono: successfully reloaded assembly
- Completed reload, in  2.842 seconds
Platform modules already initialized, skipping
Registering precompiled user dll's ...
Registered in 0.001434 seconds.
Begin MonoManager ReloadAssembly
Native extension for WindowsStandalone target not found
Refreshing native plugins compatible for Editor in 53.34 ms, found 1 plugins.
Preloading 0 native plugins for Editor in 0.00 ms.
Mono: successfully reloaded assembly
- Completed reload, in  1.122 seconds
Platform modules already initialized, skipping
========================================================================
Worker process is ready to serve import requests
Launched and connected shader compiler UnityShaderCompiler.exe after 0.04 seconds
Refreshing native plugins compatible for Editor in 1.01 ms, found 1 plugins.
Preloading 0 native plugins for Editor in 0.00 ms.
Unloading 1960 Unused Serialized files (Serialized files now loaded: 0)
System memory in use before: 90.0 MB.
System memory in use after: 90.1 MB.

Unloading 20 unused Assets to reduce memory usage. Loaded Objects now: 2407.
Total: 2.201500 ms (FindLiveObjects: 0.219900 ms CreateObjectMapping: 0.086600 ms MarkObjects: 1.819400 ms  DeleteObjects: 0.074600 ms)

========================================================================
Received Import Request.
  path: Assets/Game Boy Advance - Metal Slug Advance - Black Hound.png
  artifactKey: Guid(f4f7913fde443e14ea9e4f62376031a2) Importer(815301076,1909f56bfc062723c751e8b465ee728b)
Start importing Assets/Game Boy Advance - Metal Slug Advance - Black Hound.png using Guid(f4f7913fde443e14ea9e4f62376031a2) Importer(815301076,1909f56bfc062723c751e8b465ee728b)  -> (artifact id: '13713ff990e12a37da770b95013245e6') in 0.635813 seconds
  Import took 0.640651 seconds .

========================================================================
Received Import Request.
  Time since last request: 0.000236 seconds.
  path: Assets/main_lev_build.png
  artifactKey: Guid(08c9d85e257103b4fbc083b46a1a73c3) Importer(815301076,1909f56bfc062723c751e8b465ee728b)
Start importing Assets/main_lev_build.png using Guid(08c9d85e257103b4fbc083b46a1a73c3) Importer(815301076,1909f56bfc062723c751e8b465ee728b)  -> (artifact id: '2dee093d9e971f963b837b0c342fb561') in 1.967333 seconds
  Import took 1.978816 seconds .

========================================================================
Received Import Request.
  Time since last request: 2.461005 seconds.
  path: Assets/Scenes
  artifactKey: Guid(d9c01ce702613fa4b96269b17ff523aa) Importer(815301076,1909f56bfc062723c751e8b465ee728b)
Start importing Assets/Scenes using Guid(d9c01ce702613fa4b96269b17ff523aa) Importer(815301076,1909f56bfc062723c751e8b465ee728b)  -> (artifact id: '7262c32c88c99e91798c90158a543c63') in 0.008731 seconds
  Import took 0.013269 seconds .

========================================================================
Received Import Request.
  Time since last request: 0.006751 seconds.
  path: Assets/Scenes
  artifactKey: Guid(d9c01ce702613fa4b96269b17ff523aa) Importer(815301076,1909f56bfc062723c751e8b465ee728b)
Start importing Assets/Scenes using Guid(d9c01ce702613fa4b96269b17ff523aa) Importer(815301076,1909f56bfc062723c751e8b465ee728b)  -> (artifact id: '7262c32c88c99e91798c90158a543c63') in 0.003178 seconds
  Import took 0.008368 seconds .

========================================================================
Received Import Request.
  Time since last request: 1.290652 seconds.
  path: Assets/Scenes/SampleScene.unity
  artifactKey: Guid(2cda990e2423bbf4892e6590ba056729) Importer(815301076,1909f56bfc062723c751e8b465ee728b)
Start importing Assets/Scenes/SampleScene.unity using Guid(2cda990e2423bbf4892e6590ba056729) Importer(815301076,1909f56bfc062723c751e8b465ee728b)  -> (artifact id: '3579dd84be7871af5ce5c884250c2224') in 0.007635 seconds
  Import took 0.012239 seconds .

========================================================================
Received Prepare
Registering precompiled user dll's ...
Registered in 0.003703 seconds.
Begin MonoManager ReloadAssembly
Native extension for WindowsStandalone target not found
Refreshing native plugins compatible for Editor in 66.39 ms, found 1 plugins.
Preloading 0 native plugins for Editor in 0.00 ms.
Mono: successfully reloaded assembly
- Completed reload, in  3.327 seconds
Platform modules already initialized, skipping
Shader 'Universal Render Pipeline/Nature/SpeedTree7': dependency 'BillboardShader' shader 'Universal Render Pipeline/Nature/SpeedTree7 Billboard' not found
Shader 'Universal Render Pipeline/Baked Lit': fallback shader 'Universal Render Pipeline/Unlit' not found
Shader 'Universal Render Pipeline/Simple Lit': fallback shader 'Hidden/Universal Render Pipeline/FallbackError' not found
Shader 'Universal Render Pipeline/Terrain/Lit': fallback shader 'Hidden/Universal Render Pipeline/FallbackError' not found
Shader 'Universal Render Pipeline/Terrain/Lit': dependency 'AddPassShader' shader 'Hidden/Universal Render Pipeline/Terrain/Lit (Add Pass)' not found
Shader 'Universal Render Pipeline/Terrain/Lit': dependency 'BaseMapShader' shader 'Hidden/Universal Render Pipeline/Terrain/Lit (Base Pass)' not found
Shader 'Universal Render Pipeline/Terrain/Lit': dependency 'BaseMapGenShader' shader 'Hidden/Universal Render Pipeline/Terrain/Lit (Basemap Gen)' not found
Shader 'Hidden/Universal Render Pipeline/Terrain/Lit (Add Pass)': fallback shader 'Hidden/Universal Render Pipeline/FallbackError' not found
Shader 'Hidden/Universal Render Pipeline/Terrain/Lit (Base Pass)': fallback shader 'Hidden/Universal Render Pipeline/FallbackError' not found
Shader 'Universal Render Pipeline/Particles/Lit': fallback shader 'Universal Render Pipeline/Particles/SimpleLit' not found
Shader 'Universal Render Pipeline/Particles/Lit': fallback shader 'Universal Render Pipeline/Particles/SimpleLit' not found
Refreshing native plugins compatible for Editor in 0.76 ms, found 1 plugins.
Preloading 0 native plugins for Editor in 0.00 ms.
Unloading 3043 Unused Serialized files (Serialized files now loaded: 0)
System memory in use before: 135.8 MB.
System memory in use after: 131.6 MB.

Unloading 65 unused Assets to reduce memory usage. Loaded Objects now: 3749.
Total: 5.489100 ms (FindLiveObjects: 0.741800 ms CreateObjectMapping: 0.202700 ms MarkObjects: 2.455400 ms  DeleteObjects: 2.087900 ms)

========================================================================
Received Import Request.
  Time since last request: 217.516398 seconds.
  path: Assets
  artifactKey: Guid(00000000000000001000000000000000) Importer(815301076,1909f56bfc062723c751e8b465ee728b)
Start importing Assets using Guid(00000000000000001000000000000000) Importer(815301076,1909f56bfc062723c751e8b465ee728b)  -> (artifact id: '2c602d4445bd9e0e517b9a7c882a2249') in 0.013948 seconds
  Import took 0.019939 seconds .

========================================================================
Received Import Request.
  Time since last request: 19.516581 seconds.
  path: Assets/settings
  artifactKey: Guid(30792084e3334764f99e14cead441a90) Importer(815301076,1909f56bfc062723c751e8b465ee728b)
Start importing Assets/settings using Guid(30792084e3334764f99e14cead441a90) Importer(815301076,1909f56bfc062723c751e8b465ee728b)  -> (artifact id: '662b0718b3e7927d3709f352c72b78f8') in 0.009554 seconds
  Import took 0.015285 seconds .

========================================================================
Received Import Request.
  Time since last request: 80.195446 seconds.
  path: Assets/paletas
  artifactKey: Guid(48faab487fd4df346906686f0e5b484e) Importer(815301076,1909f56bfc062723c751e8b465ee728b)
Start importing Assets/paletas using Guid(48faab487fd4df346906686f0e5b484e) Importer(815301076,1909f56bfc062723c751e8b465ee728b)  -> (artifact id: 'cf51f780e600b16ab2f24ace271eed3a') in 0.006651 seconds
  Import took 0.013535 seconds .

========================================================================
Received Import Request.
  Time since last request: 0.000470 seconds.
  path: Assets/paletas
  artifactKey: Guid(48faab487fd4df346906686f0e5b484e) Importer(815301076,1909f56bfc062723c751e8b465ee728b)
Start importing Assets/paletas using Guid(48faab487fd4df346906686f0e5b484e) Importer(815301076,1909f56bfc062723c751e8b465ee728b)  -> (artifact id: 'cf51f780e600b16ab2f24ace271eed3a') in 0.002760 seconds
  Import took 0.009027 seconds .

========================================================================
Received Import Request.
  Time since last request: 0.601745 seconds.
  path: Assets/anims
  artifactKey: Guid(02119c7e436b1e346b8d8ae663582829) Importer(815301076,1909f56bfc062723c751e8b465ee728b)
Start importing Assets/anims using Guid(02119c7e436b1e346b8d8ae663582829) Importer(815301076,1909f56bfc062723c751e8b465ee728b)  -> (artifact id: 'fa4776c54030b358eed96643032c3aa9') in 0.006692 seconds
  Import took 0.012682 seconds .

========================================================================
Received Import Request.
  Time since last request: 4.701298 seconds.
  path: Assets/settings/UniversalRenderPipelineAsset.asset
  artifactKey: Guid(c86301fff8cbad14ab2421a69eac9dbf) Importer(815301076,1909f56bfc062723c751e8b465ee728b)
Start importing Assets/settings/UniversalRenderPipelineAsset.asset using Guid(c86301fff8cbad14ab2421a69eac9dbf) Importer(815301076,1909f56bfc062723c751e8b465ee728b)  -> (artifact id: '077ef98ce55258bf5f512e18f77a26e2') in 0.068610 seconds
  Import took 0.075364 seconds .

========================================================================
Received Import Request.
  Time since last request: 0.000204 seconds.
  path: Assets/settings/UniversalRenderPipelineAsset_Renderer.asset
  artifactKey: Guid(6e1b9d9963e576c47bdcf96d23d1306b) Importer(815301076,1909f56bfc062723c751e8b465ee728b)
Start importing Assets/settings/UniversalRenderPipelineAsset_Renderer.asset using Guid(6e1b9d9963e576c47bdcf96d23d1306b) Importer(815301076,1909f56bfc062723c751e8b465ee728b)  -> (artifact id: 'cc3a7c1f6a43528e8ace8e3e9a487af8') in 0.042261 seconds
  Import took 0.049310 seconds .

========================================================================
Received Prepare
Switching render pipeline 00000000000000000000000000000000 -> c86301fff8cbad14ab2421a69eac9dbf
Shader 'Universal Render Pipeline/Particles/Lit': fallback shader 'Universal Render Pipeline/Particles/SimpleLit' not found
Shader 'Universal Render Pipeline/Particles/Lit': fallback shader 'Universal Render Pipeline/Particles/SimpleLit' not found
Refreshing native plugins compatible for Editor in 3.18 ms, found 1 plugins.
Preloading 0 native plugins for Editor in 0.00 ms.
Unloading 63 Unused Serialized files (Serialized files now loaded: 0)
System memory in use before: 77.1 MB.
System memory in use after: 74.1 MB.

Unloading 42 unused Assets to reduce memory usage. Loaded Objects now: 3770.
Total: 5.419300 ms (FindLiveObjects: 0.339100 ms CreateObjectMapping: 0.143900 ms MarkObjects: 3.078800 ms  DeleteObjects: 1.856000 ms)

========================================================================
Received Import Request.
  Time since last request: 158.856690 seconds.
  path: Assets/settings/UniversalRenderPipelineAsset.asset
  artifactKey: Guid(c86301fff8cbad14ab2421a69eac9dbf) Importer(815301076,1909f56bfc062723c751e8b465ee728b)
Start importing Assets/settings/UniversalRenderPipelineAsset.asset using Guid(c86301fff8cbad14ab2421a69eac9dbf) Importer(815301076,1909f56bfc062723c751e8b465ee728b)  -> (artifact id: 'bface943de98ba1a663ad0640c88e205') in 0.004095 seconds
  Import took 0.009626 seconds .

========================================================================
Received Import Request.
  Time since last request: 50.848855 seconds.
  path: Assets/settings/New 2D Renderer Data.asset
  artifactKey: Guid(3f3af4061206a4a4b92144c8bdf17a6f) Importer(815301076,1909f56bfc062723c751e8b465ee728b)
Start importing Assets/settings/New 2D Renderer Data.asset using Guid(3f3af4061206a4a4b92144c8bdf17a6f) Importer(815301076,1909f56bfc062723c751e8b465ee728b)  -> (artifact id: '64696699e74854dea3591f9790dc6800') in 0.035878 seconds
  Import took 0.042829 seconds .

========================================================================
Received Import Request.
  Time since last request: 985.468143 seconds.
  path: Packages/com.unity.render-pipelines.universal/Runtime/Materials/Sprite-Lit-Default.mat
  artifactKey: Guid(a97c105638bdf8b4a8650670310a4cd3) Importer(815301076,1909f56bfc062723c751e8b465ee728b)
Start importing Packages/com.unity.render-pipelines.universal/Runtime/Materials/Sprite-Lit-Default.mat using Guid(a97c105638bdf8b4a8650670310a4cd3) Importer(815301076,1909f56bfc062723c751e8b465ee728b)  -> (artifact id: '5352afee6eccc0f65b6e65c0587f0040') in 0.064155 seconds
  Import took 0.070764 seconds .

========================================================================
Received Prepare
Registering precompiled user dll's ...
Registered in 0.002526 seconds.
Begin MonoManager ReloadAssembly
Native extension for WindowsStandalone target not found
Refreshing native plugins compatible for Editor in 0.77 ms, found 1 plugins.
Preloading 0 native plugins for Editor in 0.00 ms.
Mono: successfully reloaded assembly
- Completed reload, in  1.159 seconds
Platform modules already initialized, skipping
Switching render pipeline 00000000000000000000000000000000 -> c86301fff8cbad14ab2421a69eac9dbf
Shader 'Universal Render Pipeline/Particles/Lit': fallback shader 'Universal Render Pipeline/Particles/SimpleLit' not found
Shader 'Universal Render Pipeline/Particles/Lit': fallback shader 'Universal Render Pipeline/Particles/SimpleLit' not found
Refreshing native plugins compatible for Editor in 0.76 ms, found 1 plugins.
Preloading 0 native plugins for Editor in 0.00 ms.
Unloading 3023 Unused Serialized files (Serialized files now loaded: 0)
System memory in use before: 134.2 MB.
System memory in use after: 130.4 MB.

Unloading 63 unused Assets to reduce memory usage. Loaded Objects now: 3797.
Total: 4.599500 ms (FindLiveObjects: 0.321000 ms CreateObjectMapping: 0.138900 ms MarkObjects: 2.012300 ms  DeleteObjects: 2.126200 ms)

AssetImportParameters requested are different than current active one (requested -> active):
  custom:srp/default-shader: 0000e00a000e0de00000e000e02d0000 -> 0000e00a000e0de00000e000e0000000
========================================================================
Received Import Request.
  Time since last request: 852.392907 seconds.
  path: Packages/com.unity.render-pipelines.universal/Runtime/Materials/Lit.mat
  artifactKey: Guid(31321ba15b8f8eb4c954353edc038b1d) Importer(815301076,1909f56bfc062723c751e8b465ee728b)
Start importing Packages/com.unity.render-pipelines.universal/Runtime/Materials/Lit.mat using Guid(31321ba15b8f8eb4c954353edc038b1d) Importer(815301076,1909f56bfc062723c751e8b465ee728b)  -> (artifact id: 'ea1b05bd27312bbfc33dcd381a7892fd') in 0.071571 seconds
  Import took 0.078129 seconds .

========================================================================
Received Import Request.
  Time since last request: 0.000189 seconds.
  path: Packages/com.unity.render-pipelines.universal/Runtime/Materials/ParticlesUnlit.mat
  artifactKey: Guid(e823cd5b5d27c0f4b8256e7c12ee3e6d) Importer(815301076,1909f56bfc062723c751e8b465ee728b)
Start importing Packages/com.unity.render-pipelines.universal/Runtime/Materials/ParticlesUnlit.mat using Guid(e823cd5b5d27c0f4b8256e7c12ee3e6d) Importer(815301076,1909f56bfc062723c751e8b465ee728b)  -> (artifact id: '8635327495411a9e90e76aecc8c9150a') in 0.014663 seconds
  Import took 0.020444 seconds .

========================================================================
Received Import Request.
  Time since last request: 0.000178 seconds.
  path: Packages/com.unity.render-pipelines.universal/Runtime/Materials/TerrainLit.mat
  artifactKey: Guid(594ea882c5a793440b60ff72d896021e) Importer(815301076,1909f56bfc062723c751e8b465ee728b)
Start importing Packages/com.unity.render-pipelines.universal/Runtime/Materials/TerrainLit.mat using Guid(594ea882c5a793440b60ff72d896021e) Importer(815301076,1909f56bfc062723c751e8b465ee728b)  -> (artifact id: 'c4fde75f978514b1141f7942c00e373b') in 0.018499 seconds
  Import took 0.026113 seconds .

========================================================================
Received Import Request.
  Time since last request: 0.000194 seconds.
  path: Packages/com.unity.render-pipelines.universal/Runtime/Materials/Sprite-Unlit-Default.mat
  artifactKey: Guid(9dfc825aed78fcd4ba02077103263b40) Importer(815301076,1909f56bfc062723c751e8b465ee728b)
Start importing Packages/com.unity.render-pipelines.universal/Runtime/Materials/Sprite-Unlit-Default.mat using Guid(9dfc825aed78fcd4ba02077103263b40) Importer(815301076,1909f56bfc062723c751e8b465ee728b)  -> (artifact id: '31312639b64d515bfc5ea3e5cfc01e54') in 0.011764 seconds
  Import took 0.017052 seconds .

========================================================================
Received Import Request.
  Time since last request: 0.000188 seconds.
  path: Packages/com.unity.render-pipelines.universal/Runtime/Materials/SimpleLit.mat
  artifactKey: Guid(6a1143ee683302f4aa628c052723efc1) Importer(815301076,1909f56bfc062723c751e8b465ee728b)
Start importing Packages/com.unity.render-pipelines.universal/Runtime/Materials/SimpleLit.mat using Guid(6a1143ee683302f4aa628c052723efc1) Importer(815301076,1909f56bfc062723c751e8b465ee728b) Shader error in 'Universal Render Pipeline/Simple Lit': Couldn't open include file 'Packages/com.unity.render-pipelines.universal/Shaders/SimpleLitInput.hlsl'. at line 136

Compiling Fragment program with _GLOSSINESS_FROM_BASE_ALPHA
Platform defines: UNITY_ENABLE_REFLECTION_BUFFERS UNITY_USE_DITHER_MASK_FOR_ALPHABLENDED_SHADOWS UNITY_PBS_USE_BRDF1 UNITY_SPECCUBE_BOX_PROJECTION UNITY_SPECCUBE_BLENDING UNITY_ENABLE_DETAIL_NORMALMAP SHADER_API_DESKTOP UNITY_COLORSPACE_GAMMA UNITY_LIGHT_PROBE_PROXY_VOLUME UNITY_LIGHTMAP_FULL_HDR UNITY_PASS_SHADOWCASTER
Disabled keywords: DOTS_INSTANCING_ON INSTANCING_ON _ALPHATEST_ON UNITY_NO_DXT5nm UNITY_ENABLE_NATIVE_SHADOW_LOOKUPS UNITY_METAL_SHADOWS_USE_POINT_FILTERING UNITY_NO_SCREENSPACE_SHADOWS UNITY_PBS_USE_BRDF2 UNITY_PBS_USE_BRDF3 UNITY_NO_FULL_STANDARD_SHADER UNITY_HARDWARE_TIER1 UNITY_HARDWARE_TIER2 UNITY_HARDWARE_TIER3 UNITY_HALF_PRECISION_FRAGMENT_SHADER_REGISTERS UNITY_LIGHTMAP_DLDR_ENCODING UNITY_LIGHTMAP_RGBM_ENCODING UNITY_VIRTUAL_TEXTURING UNITY_PRETRANSFORM_TO_DISPLAY_ORIENTATION UNITY_ASTC_NORMALMAP_ENCODING SHADER_API_GLES30

 -> (artifact id: 'd8235b4e0578266805d8b980b2743556') in 0.016953 seconds
  Import took 0.022404 seconds .

========================================================================
Received Import Request.
  Time since last request: 0.000202 seconds.
  path: Packages/com.unity.render-pipelines.universal/Runtime/Materials/Lit.mat
  artifactKey: Guid(31321ba15b8f8eb4c954353edc038b1d) Importer(815301076,1909f56bfc062723c751e8b465ee728b)
Start importing Packages/com.unity.render-pipelines.universal/Runtime/Materials/Lit.mat using Guid(31321ba15b8f8eb4c954353edc038b1d) Importer(815301076,1909f56bfc062723c751e8b465ee728b)  -> (artifact id: 'ea1b05bd27312bbfc33dcd381a7892fd') in 0.008008 seconds
  Import took 0.013361 seconds .

AssetImportWorkerClient::OnTransportError - code=2 error=End of file
